<?xml version="1.0" encoding="UTF-8"?>
<testsuite name="com.example.restservice.RestServiceApplicationTests" tests="1" skipped="0" failures="0" errors="0" timestamp="2024-03-23T11:25:13" hostname="Gabrieles-MacBook-Pro.local" time="0.398">
  <properties/>
  <testcase name="contextLoads()" classname="com.example.restservice.RestServiceApplicationTests" time="0.398"/>
  <system-out><![CDATA[12:25:12.950 [Test worker] INFO org.springframework.test.context.support.AnnotationConfigContextLoaderUtils -- Could not detect default configuration classes for test class [com.example.restservice.RestServiceApplicationTests]: RestServiceApplicationTests does not declare any static, non-private, non-final, nested classes annotated with @Configuration.
12:25:13.010 [Test worker] INFO org.springframework.boot.test.context.SpringBootTestContextBootstrapper -- Found @SpringBootConfiguration com.example.restservice.RestServiceApplication for test class com.example.restservice.RestServiceApplicationTests

  .   ____          _            __ _ _
 /\\ / ___'_ __ _ _(_)_ __  __ _ \ \ \ \
( ( )\___ | '_ | '_| | '_ \/ _` | \ \ \ \
 \\/  ___)| |_)| | | | | || (_| |  ) ) ) )
  '  |____| .__|_| |_|_| |_\__, | / / / /
 =========|_|==============|___/=/_/_/_/
 :: Spring Boot ::                (v3.2.0)

2024-03-23T12:25:13.160+01:00  INFO 76093 --- [    Test worker] c.e.r.RestServiceApplicationTests        : Starting RestServiceApplicationTests using Java 17.0.10 with PID 76093 (started by gabrielemastrapasqua in /Users/gabrielemastrapasqua/source/personal/terraform_java_microservice/code)
2024-03-23T12:25:13.161+01:00  INFO 76093 --- [    Test worker] c.e.r.RestServiceApplicationTests        : No active profile set, falling back to 1 default profile: "default"
2024-03-23T12:25:13.675+01:00  INFO 76093 --- [    Test worker] c.e.r.RestServiceApplicationTests        : Started RestServiceApplicationTests in 0.613 seconds (process running for 1.191)
]]></system-out>
  <system-err><![CDATA[]]></system-err>
</testsuite>
